{"/home/rosalie/Documents/FAC/Joy-Pungo/joy/server/index.js": {"path":"/home/rosalie/Documents/FAC/Joy-Pungo/joy/server/index.js","statementMap":{"0":{"start":{"line":1,"column":15},"end":{"line":1,"column":32}},"1":{"start":{"line":2,"column":13},"end":{"line":2,"column":28}},"2":{"start":{"line":3,"column":15},"end":{"line":3,"column":34}},"3":{"start":{"line":4,"column":19},"end":{"line":4,"column":41}},"4":{"start":{"line":5,"column":16},"end":{"line":5,"column":34}},"5":{"start":{"line":6,"column":12},"end":{"line":6,"column":21}},"6":{"start":{"line":9,"column":0},"end":{"line":9,"column":28}},"7":{"start":{"line":13,"column":0},"end":{"line":13,"column":65}},"8":{"start":{"line":16,"column":0},"end":{"line":16,"column":27}},"9":{"start":{"line":17,"column":0},"end":{"line":21,"column":2}},"10":{"start":{"line":26,"column":0},"end":{"line":26,"column":16}},"11":{"start":{"line":28,"column":0},"end":{"line":28,"column":21}}},"fnMap":{},"branchMap":{},"s":{"0":1,"1":1,"2":1,"3":1,"4":1,"5":1,"6":1,"7":1,"8":1,"9":1,"10":1,"11":1},"f":{},"b":{},"_coverageSchema":"1a1c01bbd47fc00a2c39e90264f33305004495a9","hash":"3462bde30eb5b0ca32ed63337d695941bc3b34e5"}
,"/home/rosalie/Documents/FAC/Joy-Pungo/joy/server/router.js": {"path":"/home/rosalie/Documents/FAC/Joy-Pungo/joy/server/router.js","statementMap":{"0":{"start":{"line":1,"column":16},"end":{"line":1,"column":34}},"1":{"start":{"line":2,"column":15},"end":{"line":2,"column":31}},"2":{"start":{"line":3,"column":13},"end":{"line":3,"column":28}},"3":{"start":{"line":4,"column":19},"end":{"line":4,"column":41}},"4":{"start":{"line":18,"column":4},"end":{"line":18,"column":41}},"5":{"start":{"line":25,"column":4},"end":{"line":25,"column":42}},"6":{"start":{"line":29,"column":0},"end":{"line":33,"column":3}},"7":{"start":{"line":30,"column":2},"end":{"line":32,"column":5}},"8":{"start":{"line":31,"column":4},"end":{"line":31,"column":19}},"9":{"start":{"line":35,"column":0},"end":{"line":45,"column":3}},"10":{"start":{"line":36,"column":13},"end":{"line":36,"column":67}},"11":{"start":{"line":37,"column":2},"end":{"line":44,"column":5}},"12":{"start":{"line":43,"column":4},"end":{"line":43,"column":26}},"13":{"start":{"line":47,"column":0},"end":{"line":51,"column":3}},"14":{"start":{"line":48,"column":2},"end":{"line":50,"column":5}},"15":{"start":{"line":49,"column":4},"end":{"line":49,"column":19}},"16":{"start":{"line":53,"column":0},"end":{"line":57,"column":3}},"17":{"start":{"line":54,"column":2},"end":{"line":56,"column":5}},"18":{"start":{"line":55,"column":4},"end":{"line":55,"column":19}},"19":{"start":{"line":59,"column":0},"end":{"line":63,"column":3}},"20":{"start":{"line":60,"column":2},"end":{"line":62,"column":5}},"21":{"start":{"line":61,"column":4},"end":{"line":61,"column":19}},"22":{"start":{"line":64,"column":0},"end":{"line":68,"column":3}},"23":{"start":{"line":65,"column":2},"end":{"line":67,"column":5}},"24":{"start":{"line":66,"column":4},"end":{"line":66,"column":19}},"25":{"start":{"line":70,"column":0},"end":{"line":74,"column":3}},"26":{"start":{"line":71,"column":2},"end":{"line":73,"column":5}},"27":{"start":{"line":72,"column":4},"end":{"line":72,"column":19}},"28":{"start":{"line":76,"column":0},"end":{"line":80,"column":3}},"29":{"start":{"line":77,"column":2},"end":{"line":79,"column":5}},"30":{"start":{"line":78,"column":4},"end":{"line":78,"column":19}},"31":{"start":{"line":82,"column":0},"end":{"line":84,"column":3}},"32":{"start":{"line":83,"column":2},"end":{"line":83,"column":68}},"33":{"start":{"line":88,"column":0},"end":{"line":95,"column":3}},"34":{"start":{"line":89,"column":13},"end":{"line":89,"column":67}},"35":{"start":{"line":90,"column":2},"end":{"line":94,"column":24}},"36":{"start":{"line":92,"column":6},"end":{"line":92,"column":59}},"37":{"start":{"line":97,"column":0},"end":{"line":103,"column":3}},"38":{"start":{"line":98,"column":2},"end":{"line":102,"column":24}},"39":{"start":{"line":100,"column":6},"end":{"line":100,"column":59}},"40":{"start":{"line":105,"column":0},"end":{"line":111,"column":3}},"41":{"start":{"line":106,"column":2},"end":{"line":110,"column":24}},"42":{"start":{"line":108,"column":6},"end":{"line":108,"column":59}},"43":{"start":{"line":113,"column":0},"end":{"line":113,"column":24}}},"fnMap":{"0":{"name":"(anonymous_0)","decl":{"start":{"line":29,"column":29},"end":{"line":29,"column":30}},"loc":{"start":{"line":29,"column":43},"end":{"line":33,"column":1}},"line":29},"1":{"name":"(anonymous_1)","decl":{"start":{"line":30,"column":23},"end":{"line":30,"column":24}},"loc":{"start":{"line":30,"column":31},"end":{"line":32,"column":3}},"line":30},"2":{"name":"(anonymous_2)","decl":{"start":{"line":35,"column":28},"end":{"line":35,"column":29}},"loc":{"start":{"line":35,"column":42},"end":{"line":45,"column":1}},"line":35},"3":{"name":"(anonymous_3)","decl":{"start":{"line":42,"column":10},"end":{"line":42,"column":11}},"loc":{"start":{"line":42,"column":18},"end":{"line":44,"column":3}},"line":42},"4":{"name":"(anonymous_4)","decl":{"start":{"line":47,"column":31},"end":{"line":47,"column":32}},"loc":{"start":{"line":47,"column":45},"end":{"line":51,"column":1}},"line":47},"5":{"name":"(anonymous_5)","decl":{"start":{"line":48,"column":25},"end":{"line":48,"column":26}},"loc":{"start":{"line":48,"column":33},"end":{"line":50,"column":3}},"line":48},"6":{"name":"(anonymous_6)","decl":{"start":{"line":53,"column":32},"end":{"line":53,"column":33}},"loc":{"start":{"line":53,"column":46},"end":{"line":57,"column":1}},"line":53},"7":{"name":"(anonymous_7)","decl":{"start":{"line":54,"column":26},"end":{"line":54,"column":27}},"loc":{"start":{"line":54,"column":34},"end":{"line":56,"column":3}},"line":54},"8":{"name":"(anonymous_8)","decl":{"start":{"line":59,"column":41},"end":{"line":59,"column":42}},"loc":{"start":{"line":59,"column":55},"end":{"line":63,"column":1}},"line":59},"9":{"name":"(anonymous_9)","decl":{"start":{"line":60,"column":35},"end":{"line":60,"column":36}},"loc":{"start":{"line":60,"column":43},"end":{"line":62,"column":3}},"line":60},"10":{"name":"(anonymous_10)","decl":{"start":{"line":64,"column":41},"end":{"line":64,"column":42}},"loc":{"start":{"line":64,"column":55},"end":{"line":68,"column":1}},"line":64},"11":{"name":"(anonymous_11)","decl":{"start":{"line":65,"column":35},"end":{"line":65,"column":36}},"loc":{"start":{"line":65,"column":43},"end":{"line":67,"column":3}},"line":65},"12":{"name":"(anonymous_12)","decl":{"start":{"line":70,"column":37},"end":{"line":70,"column":38}},"loc":{"start":{"line":70,"column":51},"end":{"line":74,"column":1}},"line":70},"13":{"name":"(anonymous_13)","decl":{"start":{"line":71,"column":31},"end":{"line":71,"column":32}},"loc":{"start":{"line":71,"column":39},"end":{"line":73,"column":3}},"line":71},"14":{"name":"(anonymous_14)","decl":{"start":{"line":76,"column":30},"end":{"line":76,"column":31}},"loc":{"start":{"line":76,"column":44},"end":{"line":80,"column":1}},"line":76},"15":{"name":"(anonymous_15)","decl":{"start":{"line":77,"column":24},"end":{"line":77,"column":25}},"loc":{"start":{"line":77,"column":32},"end":{"line":79,"column":3}},"line":77},"16":{"name":"(anonymous_16)","decl":{"start":{"line":82,"column":16},"end":{"line":82,"column":17}},"loc":{"start":{"line":82,"column":30},"end":{"line":84,"column":1}},"line":82},"17":{"name":"(anonymous_17)","decl":{"start":{"line":88,"column":36},"end":{"line":88,"column":37}},"loc":{"start":{"line":88,"column":50},"end":{"line":95,"column":1}},"line":88},"18":{"name":"(anonymous_18)","decl":{"start":{"line":91,"column":10},"end":{"line":91,"column":11}},"loc":{"start":{"line":91,"column":18},"end":{"line":93,"column":5}},"line":91},"19":{"name":"(anonymous_19)","decl":{"start":{"line":97,"column":35},"end":{"line":97,"column":36}},"loc":{"start":{"line":97,"column":49},"end":{"line":103,"column":1}},"line":97},"20":{"name":"(anonymous_20)","decl":{"start":{"line":99,"column":10},"end":{"line":99,"column":11}},"loc":{"start":{"line":99,"column":18},"end":{"line":101,"column":5}},"line":99},"21":{"name":"(anonymous_21)","decl":{"start":{"line":105,"column":37},"end":{"line":105,"column":38}},"loc":{"start":{"line":105,"column":51},"end":{"line":111,"column":1}},"line":105},"22":{"name":"(anonymous_22)","decl":{"start":{"line":107,"column":10},"end":{"line":107,"column":11}},"loc":{"start":{"line":107,"column":18},"end":{"line":109,"column":5}},"line":107}},"branchMap":{},"s":{"0":1,"1":1,"2":1,"3":1,"4":1,"5":1,"6":1,"7":1,"8":1,"9":1,"10":1,"11":1,"12":1,"13":1,"14":2,"15":2,"16":1,"17":0,"18":0,"19":1,"20":1,"21":1,"22":1,"23":1,"24":1,"25":1,"26":1,"27":1,"28":1,"29":1,"30":1,"31":1,"32":0,"33":1,"34":0,"35":0,"36":0,"37":1,"38":0,"39":0,"40":1,"41":0,"42":0,"43":1},"f":{"0":1,"1":1,"2":1,"3":1,"4":2,"5":2,"6":0,"7":0,"8":1,"9":1,"10":1,"11":1,"12":1,"13":1,"14":1,"15":1,"16":0,"17":0,"18":0,"19":0,"20":0,"21":0,"22":0},"b":{},"_coverageSchema":"1a1c01bbd47fc00a2c39e90264f33305004495a9","hash":"2be4bd65bbee2a52be4e76c0fc42264b9105150b"}
,"/home/rosalie/Documents/FAC/Joy-Pungo/joy/server/model/database/db_build.js": {"path":"/home/rosalie/Documents/FAC/Joy-Pungo/joy/server/model/database/db_build.js","statementMap":{"0":{"start":{"line":1,"column":21},"end":{"line":1,"column":47}},"1":{"start":{"line":2,"column":11},"end":{"line":2,"column":24}},"2":{"start":{"line":4,"column":12},"end":{"line":4,"column":67}},"3":{"start":{"line":10,"column":0},"end":{"line":13,"column":3}},"4":{"start":{"line":11,"column":2},"end":{"line":11,"column":21}},"5":{"start":{"line":11,"column":11},"end":{"line":11,"column":21}},"6":{"start":{"line":15,"column":19},"end":{"line":15,"column":49}},"7":{"start":{"line":15,"column":26},"end":{"line":15,"column":49}},"8":{"start":{"line":17,"column":0},"end":{"line":17,"column":28}}},"fnMap":{"0":{"name":"(anonymous_0)","decl":{"start":{"line":10,"column":24},"end":{"line":10,"column":25}},"loc":{"start":{"line":10,"column":38},"end":{"line":13,"column":1}},"line":10},"1":{"name":"(anonymous_1)","decl":{"start":{"line":15,"column":19},"end":{"line":15,"column":20}},"loc":{"start":{"line":15,"column":26},"end":{"line":15,"column":49}},"line":15}},"branchMap":{"0":{"loc":{"start":{"line":11,"column":2},"end":{"line":11,"column":21}},"type":"if","locations":[{"start":{"line":11,"column":2},"end":{"line":11,"column":21}},{"start":{"line":11,"column":2},"end":{"line":11,"column":21}}],"line":11}},"s":{"0":1,"1":1,"2":1,"3":1,"4":1,"5":0,"6":1,"7":11,"8":1},"f":{"0":1,"1":11},"b":{"0":[0,1]},"_coverageSchema":"1a1c01bbd47fc00a2c39e90264f33305004495a9","hash":"f37ef05bdc3aaeaed17aee96c1307d89762787f9"}
,"/home/rosalie/Documents/FAC/Joy-Pungo/joy/server/model/database/db_connection.js": {"path":"/home/rosalie/Documents/FAC/Joy-Pungo/joy/server/model/database/db_connection.js","statementMap":{"0":{"start":{"line":1,"column":17},"end":{"line":1,"column":30}},"1":{"start":{"line":2,"column":12},"end":{"line":2,"column":26}},"2":{"start":{"line":3,"column":15},"end":{"line":3,"column":41}},"3":{"start":{"line":5,"column":19},"end":{"line":5,"column":43}},"4":{"start":{"line":7,"column":0},"end":{"line":10,"column":1}},"5":{"start":{"line":8,"column":2},"end":{"line":8,"column":47}},"6":{"start":{"line":9,"column":2},"end":{"line":9,"column":40}},"7":{"start":{"line":12,"column":0},"end":{"line":12,"column":73}},"8":{"start":{"line":12,"column":19},"end":{"line":12,"column":73}},"9":{"start":{"line":14,"column":15},"end":{"line":14,"column":38}},"10":{"start":{"line":16,"column":29},"end":{"line":16,"column":51}},"11":{"start":{"line":19,"column":0},"end":{"line":19,"column":69}},"12":{"start":{"line":21,"column":16},"end":{"line":29,"column":1}},"13":{"start":{"line":31,"column":0},"end":{"line":31,"column":35}}},"fnMap":{},"branchMap":{"0":{"loc":{"start":{"line":7,"column":0},"end":{"line":10,"column":1}},"type":"if","locations":[{"start":{"line":7,"column":0},"end":{"line":10,"column":1}},{"start":{"line":7,"column":0},"end":{"line":10,"column":1}}],"line":7},"1":{"loc":{"start":{"line":12,"column":0},"end":{"line":12,"column":73}},"type":"if","locations":[{"start":{"line":12,"column":0},"end":{"line":12,"column":73}},{"start":{"line":12,"column":0},"end":{"line":12,"column":73}}],"line":12},"2":{"loc":{"start":{"line":25,"column":7},"end":{"line":25,"column":42}},"type":"binary-expr","locations":[{"start":{"line":25,"column":7},"end":{"line":25,"column":37}},{"start":{"line":25,"column":41},"end":{"line":25,"column":42}}],"line":25}},"s":{"0":2,"1":2,"2":2,"3":2,"4":2,"5":2,"6":2,"7":2,"8":0,"9":2,"10":2,"11":2,"12":2,"13":2},"f":{},"b":{"0":[2,0],"1":[0,2],"2":[2,2]},"_coverageSchema":"1a1c01bbd47fc00a2c39e90264f33305004495a9","hash":"af157f51aed2fd13fd846c4d3c3f519bcee30a8e"}
,"/home/rosalie/Documents/FAC/Joy-Pungo/joy/server/model/queries/getData.js": {"path":"/home/rosalie/Documents/FAC/Joy-Pungo/joy/server/model/queries/getData.js","statementMap":{"0":{"start":{"line":1,"column":21},"end":{"line":1,"column":60}},"1":{"start":{"line":5,"column":22},"end":{"line":15,"column":1}},"2":{"start":{"line":6,"column":2},"end":{"line":6,"column":36}},"3":{"start":{"line":7,"column":2},"end":{"line":14,"column":7}},"4":{"start":{"line":12,"column":6},"end":{"line":12,"column":70}},"5":{"start":{"line":13,"column":6},"end":{"line":13,"column":23}},"6":{"start":{"line":19,"column":18},"end":{"line":28,"column":1}},"7":{"start":{"line":20,"column":2},"end":{"line":27,"column":7}},"8":{"start":{"line":25,"column":6},"end":{"line":25,"column":71}},"9":{"start":{"line":26,"column":6},"end":{"line":26,"column":23}},"10":{"start":{"line":30,"column":29},"end":{"line":46,"column":1}},"11":{"start":{"line":31,"column":2},"end":{"line":45,"column":7}},"12":{"start":{"line":40,"column":6},"end":{"line":43,"column":8}},"13":{"start":{"line":44,"column":6},"end":{"line":44,"column":23}},"14":{"start":{"line":48,"column":26},"end":{"line":57,"column":1}},"15":{"start":{"line":49,"column":2},"end":{"line":56,"column":7}},"16":{"start":{"line":54,"column":6},"end":{"line":54,"column":79}},"17":{"start":{"line":55,"column":6},"end":{"line":55,"column":23}},"18":{"start":{"line":59,"column":29},"end":{"line":75,"column":1}},"19":{"start":{"line":60,"column":2},"end":{"line":74,"column":7}},"20":{"start":{"line":69,"column":6},"end":{"line":72,"column":8}},"21":{"start":{"line":73,"column":6},"end":{"line":73,"column":23}},"22":{"start":{"line":79,"column":23},"end":{"line":81,"column":1}},"23":{"start":{"line":80,"column":2},"end":{"line":80,"column":78}},"24":{"start":{"line":80,"column":67},"end":{"line":80,"column":76}},"25":{"start":{"line":84,"column":24},"end":{"line":91,"column":1}},"26":{"start":{"line":85,"column":2},"end":{"line":90,"column":7}},"27":{"start":{"line":88,"column":6},"end":{"line":88,"column":56}},"28":{"start":{"line":89,"column":6},"end":{"line":89,"column":23}},"29":{"start":{"line":93,"column":25},"end":{"line":100,"column":1}},"30":{"start":{"line":94,"column":2},"end":{"line":99,"column":7}},"31":{"start":{"line":97,"column":6},"end":{"line":97,"column":57}},"32":{"start":{"line":98,"column":6},"end":{"line":98,"column":23}},"33":{"start":{"line":102,"column":34},"end":{"line":122,"column":1}},"34":{"start":{"line":103,"column":2},"end":{"line":121,"column":7}},"35":{"start":{"line":120,"column":6},"end":{"line":120,"column":23}},"36":{"start":{"line":123,"column":34},"end":{"line":143,"column":1}},"37":{"start":{"line":124,"column":2},"end":{"line":142,"column":7}},"38":{"start":{"line":141,"column":6},"end":{"line":141,"column":23}},"39":{"start":{"line":145,"column":30},"end":{"line":153,"column":1}},"40":{"start":{"line":146,"column":2},"end":{"line":152,"column":7}},"41":{"start":{"line":151,"column":6},"end":{"line":151,"column":23}},"42":{"start":{"line":155,"column":0},"end":{"line":167,"column":2}}},"fnMap":{"0":{"name":"(anonymous_0)","decl":{"start":{"line":5,"column":22},"end":{"line":5,"column":23}},"loc":{"start":{"line":5,"column":28},"end":{"line":15,"column":1}},"line":5},"1":{"name":"(anonymous_1)","decl":{"start":{"line":11,"column":10},"end":{"line":11,"column":11}},"loc":{"start":{"line":11,"column":18},"end":{"line":14,"column":5}},"line":11},"2":{"name":"(anonymous_2)","decl":{"start":{"line":19,"column":18},"end":{"line":19,"column":19}},"loc":{"start":{"line":19,"column":24},"end":{"line":28,"column":1}},"line":19},"3":{"name":"(anonymous_3)","decl":{"start":{"line":24,"column":10},"end":{"line":24,"column":11}},"loc":{"start":{"line":24,"column":18},"end":{"line":27,"column":5}},"line":24},"4":{"name":"(anonymous_4)","decl":{"start":{"line":30,"column":29},"end":{"line":30,"column":30}},"loc":{"start":{"line":30,"column":35},"end":{"line":46,"column":1}},"line":30},"5":{"name":"(anonymous_5)","decl":{"start":{"line":39,"column":10},"end":{"line":39,"column":11}},"loc":{"start":{"line":39,"column":18},"end":{"line":45,"column":5}},"line":39},"6":{"name":"(anonymous_6)","decl":{"start":{"line":48,"column":26},"end":{"line":48,"column":27}},"loc":{"start":{"line":48,"column":32},"end":{"line":57,"column":1}},"line":48},"7":{"name":"(anonymous_7)","decl":{"start":{"line":53,"column":10},"end":{"line":53,"column":11}},"loc":{"start":{"line":53,"column":18},"end":{"line":56,"column":5}},"line":53},"8":{"name":"(anonymous_8)","decl":{"start":{"line":59,"column":29},"end":{"line":59,"column":30}},"loc":{"start":{"line":59,"column":35},"end":{"line":75,"column":1}},"line":59},"9":{"name":"(anonymous_9)","decl":{"start":{"line":68,"column":10},"end":{"line":68,"column":11}},"loc":{"start":{"line":68,"column":18},"end":{"line":74,"column":5}},"line":68},"10":{"name":"(anonymous_10)","decl":{"start":{"line":79,"column":23},"end":{"line":79,"column":24}},"loc":{"start":{"line":79,"column":29},"end":{"line":81,"column":1}},"line":79},"11":{"name":"(anonymous_11)","decl":{"start":{"line":80,"column":59},"end":{"line":80,"column":60}},"loc":{"start":{"line":80,"column":67},"end":{"line":80,"column":76}},"line":80},"12":{"name":"(anonymous_12)","decl":{"start":{"line":84,"column":24},"end":{"line":84,"column":25}},"loc":{"start":{"line":84,"column":30},"end":{"line":91,"column":1}},"line":84},"13":{"name":"(anonymous_13)","decl":{"start":{"line":87,"column":10},"end":{"line":87,"column":11}},"loc":{"start":{"line":87,"column":18},"end":{"line":90,"column":5}},"line":87},"14":{"name":"(anonymous_14)","decl":{"start":{"line":93,"column":25},"end":{"line":93,"column":26}},"loc":{"start":{"line":93,"column":31},"end":{"line":100,"column":1}},"line":93},"15":{"name":"(anonymous_15)","decl":{"start":{"line":96,"column":10},"end":{"line":96,"column":11}},"loc":{"start":{"line":96,"column":18},"end":{"line":99,"column":5}},"line":96},"16":{"name":"(anonymous_16)","decl":{"start":{"line":102,"column":34},"end":{"line":102,"column":35}},"loc":{"start":{"line":102,"column":40},"end":{"line":122,"column":1}},"line":102},"17":{"name":"(anonymous_17)","decl":{"start":{"line":119,"column":10},"end":{"line":119,"column":11}},"loc":{"start":{"line":119,"column":18},"end":{"line":121,"column":5}},"line":119},"18":{"name":"(anonymous_18)","decl":{"start":{"line":123,"column":34},"end":{"line":123,"column":35}},"loc":{"start":{"line":123,"column":40},"end":{"line":143,"column":1}},"line":123},"19":{"name":"(anonymous_19)","decl":{"start":{"line":140,"column":10},"end":{"line":140,"column":11}},"loc":{"start":{"line":140,"column":18},"end":{"line":142,"column":5}},"line":140},"20":{"name":"(anonymous_20)","decl":{"start":{"line":145,"column":30},"end":{"line":145,"column":31}},"loc":{"start":{"line":145,"column":36},"end":{"line":153,"column":1}},"line":145},"21":{"name":"(anonymous_21)","decl":{"start":{"line":150,"column":10},"end":{"line":150,"column":11}},"loc":{"start":{"line":150,"column":18},"end":{"line":152,"column":5}},"line":150}},"branchMap":{},"s":{"0":2,"1":2,"2":2,"3":2,"4":2,"5":2,"6":2,"7":2,"8":2,"9":2,"10":2,"11":2,"12":2,"13":2,"14":2,"15":3,"16":3,"17":3,"18":2,"19":2,"20":2,"21":2,"22":2,"23":2,"24":2,"25":2,"26":3,"27":3,"28":3,"29":2,"30":1,"31":1,"32":1,"33":2,"34":2,"35":2,"36":2,"37":2,"38":2,"39":2,"40":1,"41":1,"42":2},"f":{"0":2,"1":2,"2":2,"3":2,"4":2,"5":2,"6":3,"7":3,"8":2,"9":2,"10":2,"11":2,"12":3,"13":3,"14":1,"15":1,"16":2,"17":2,"18":2,"19":2,"20":1,"21":1},"b":{},"_coverageSchema":"1a1c01bbd47fc00a2c39e90264f33305004495a9","hash":"cb355966f5f1f42666a814dad1a9f92c0333d25d"}
,"/home/rosalie/Documents/FAC/Joy-Pungo/joy/server/model/queries/postData.js": {"path":"/home/rosalie/Documents/FAC/Joy-Pungo/joy/server/model/queries/postData.js","statementMap":{"0":{"start":{"line":1,"column":21},"end":{"line":1,"column":57}},"1":{"start":{"line":4,"column":27},"end":{"line":25,"column":1}},"2":{"start":{"line":5,"column":2},"end":{"line":24,"column":24}},"3":{"start":{"line":21,"column":6},"end":{"line":21,"column":41}},"4":{"start":{"line":29,"column":29},"end":{"line":49,"column":1}},"5":{"start":{"line":30,"column":19},"end":{"line":30,"column":62}},"6":{"start":{"line":31,"column":2},"end":{"line":48,"column":7}},"7":{"start":{"line":46,"column":6},"end":{"line":46,"column":41}},"8":{"start":{"line":47,"column":6},"end":{"line":47,"column":18}},"9":{"start":{"line":51,"column":25},"end":{"line":62,"column":1}},"10":{"start":{"line":52,"column":2},"end":{"line":61,"column":7}},"11":{"start":{"line":59,"column":6},"end":{"line":59,"column":41}},"12":{"start":{"line":64,"column":0},"end":{"line":64,"column":80}}},"fnMap":{"0":{"name":"(anonymous_0)","decl":{"start":{"line":4,"column":27},"end":{"line":4,"column":28}},"loc":{"start":{"line":4,"column":45},"end":{"line":25,"column":1}},"line":4},"1":{"name":"(anonymous_1)","decl":{"start":{"line":20,"column":10},"end":{"line":20,"column":11}},"loc":{"start":{"line":20,"column":18},"end":{"line":23,"column":5}},"line":20},"2":{"name":"(anonymous_2)","decl":{"start":{"line":29,"column":29},"end":{"line":29,"column":30}},"loc":{"start":{"line":29,"column":49},"end":{"line":49,"column":1}},"line":29},"3":{"name":"(anonymous_3)","decl":{"start":{"line":45,"column":10},"end":{"line":45,"column":11}},"loc":{"start":{"line":45,"column":18},"end":{"line":48,"column":5}},"line":45},"4":{"name":"(anonymous_4)","decl":{"start":{"line":51,"column":25},"end":{"line":51,"column":26}},"loc":{"start":{"line":51,"column":47},"end":{"line":62,"column":1}},"line":51},"5":{"name":"(anonymous_5)","decl":{"start":{"line":58,"column":10},"end":{"line":58,"column":11}},"loc":{"start":{"line":58,"column":18},"end":{"line":61,"column":5}},"line":58}},"branchMap":{},"s":{"0":1,"1":1,"2":0,"3":0,"4":1,"5":0,"6":0,"7":0,"8":0,"9":1,"10":0,"11":0,"12":1},"f":{"0":0,"1":0,"2":0,"3":0,"4":0,"5":0},"b":{},"_coverageSchema":"1a1c01bbd47fc00a2c39e90264f33305004495a9","hash":"99a327dc27a8da1b4f7eba961daff3ba8f5c2a1f"}
}
