TN:
SF:index.js
FNF:0
FNH:0
DA:1,1
DA:2,1
DA:3,1
DA:4,1
DA:5,1
DA:6,1
DA:9,1
DA:13,1
DA:16,1
DA:17,1
DA:26,1
DA:28,1
LF:12
LH:12
BRF:0
BRH:0
end_of_record
TN:
SF:router.js
FN:29,(anonymous_0)
FN:30,(anonymous_1)
FN:35,(anonymous_2)
FN:42,(anonymous_3)
FN:47,(anonymous_4)
FN:48,(anonymous_5)
FN:53,(anonymous_6)
FN:54,(anonymous_7)
FN:59,(anonymous_8)
FN:60,(anonymous_9)
FN:64,(anonymous_10)
FN:65,(anonymous_11)
FN:70,(anonymous_12)
FN:71,(anonymous_13)
FN:76,(anonymous_14)
FN:77,(anonymous_15)
FN:82,(anonymous_16)
FN:88,(anonymous_17)
FN:91,(anonymous_18)
FN:97,(anonymous_19)
FN:99,(anonymous_20)
FN:105,(anonymous_21)
FN:107,(anonymous_22)
FNF:23
FNH:14
FNDA:1,(anonymous_0)
FNDA:1,(anonymous_1)
FNDA:1,(anonymous_2)
FNDA:1,(anonymous_3)
FNDA:2,(anonymous_4)
FNDA:2,(anonymous_5)
FNDA:0,(anonymous_6)
FNDA:0,(anonymous_7)
FNDA:1,(anonymous_8)
FNDA:1,(anonymous_9)
FNDA:1,(anonymous_10)
FNDA:1,(anonymous_11)
FNDA:1,(anonymous_12)
FNDA:1,(anonymous_13)
FNDA:1,(anonymous_14)
FNDA:1,(anonymous_15)
FNDA:0,(anonymous_16)
FNDA:0,(anonymous_17)
FNDA:0,(anonymous_18)
FNDA:0,(anonymous_19)
FNDA:0,(anonymous_20)
FNDA:0,(anonymous_21)
FNDA:0,(anonymous_22)
DA:1,1
DA:2,1
DA:3,1
DA:4,1
DA:18,1
DA:25,1
DA:29,1
DA:30,1
DA:31,1
DA:35,1
DA:36,1
DA:37,1
DA:43,1
DA:47,1
DA:48,2
DA:49,2
DA:53,1
DA:54,0
DA:55,0
DA:59,1
DA:60,1
DA:61,1
DA:64,1
DA:65,1
DA:66,1
DA:70,1
DA:71,1
DA:72,1
DA:76,1
DA:77,1
DA:78,1
DA:82,1
DA:83,0
DA:88,1
DA:89,0
DA:90,0
DA:92,0
DA:97,1
DA:98,0
DA:100,0
DA:105,1
DA:106,0
DA:108,0
DA:113,1
LF:44
LH:34
BRF:0
BRH:0
end_of_record
TN:
SF:model/database/db_build.js
FN:10,(anonymous_0)
FN:15,(anonymous_1)
FNF:2
FNH:2
FNDA:1,(anonymous_0)
FNDA:11,(anonymous_1)
DA:1,1
DA:2,1
DA:4,1
DA:10,1
DA:11,1
DA:15,11
DA:17,1
LF:7
LH:7
BRDA:11,0,0,0
BRDA:11,0,1,1
BRF:2
BRH:1
end_of_record
TN:
SF:model/database/db_connection.js
FNF:0
FNH:0
DA:1,2
DA:2,2
DA:3,2
DA:5,2
DA:7,2
DA:8,2
DA:9,2
DA:12,2
DA:14,2
DA:16,2
DA:19,2
DA:21,2
DA:31,2
LF:13
LH:13
BRDA:7,0,0,2
BRDA:7,0,1,0
BRDA:12,1,0,0
BRDA:12,1,1,2
BRDA:25,2,0,2
BRDA:25,2,1,2
BRF:6
BRH:4
end_of_record
TN:
SF:model/queries/getData.js
FN:5,(anonymous_0)
FN:11,(anonymous_1)
FN:19,(anonymous_2)
FN:24,(anonymous_3)
FN:30,(anonymous_4)
FN:39,(anonymous_5)
FN:48,(anonymous_6)
FN:53,(anonymous_7)
FN:59,(anonymous_8)
FN:68,(anonymous_9)
FN:79,(anonymous_10)
FN:80,(anonymous_11)
FN:84,(anonymous_12)
FN:87,(anonymous_13)
FN:93,(anonymous_14)
FN:96,(anonymous_15)
FN:102,(anonymous_16)
FN:119,(anonymous_17)
FN:123,(anonymous_18)
FN:140,(anonymous_19)
FN:145,(anonymous_20)
FN:150,(anonymous_21)
FNF:22
FNH:22
FNDA:2,(anonymous_0)
FNDA:2,(anonymous_1)
FNDA:2,(anonymous_2)
FNDA:2,(anonymous_3)
FNDA:2,(anonymous_4)
FNDA:2,(anonymous_5)
FNDA:3,(anonymous_6)
FNDA:3,(anonymous_7)
FNDA:2,(anonymous_8)
FNDA:2,(anonymous_9)
FNDA:2,(anonymous_10)
FNDA:2,(anonymous_11)
FNDA:3,(anonymous_12)
FNDA:3,(anonymous_13)
FNDA:1,(anonymous_14)
FNDA:1,(anonymous_15)
FNDA:2,(anonymous_16)
FNDA:2,(anonymous_17)
FNDA:2,(anonymous_18)
FNDA:2,(anonymous_19)
FNDA:1,(anonymous_20)
FNDA:1,(anonymous_21)
DA:1,2
DA:5,2
DA:6,2
DA:7,2
DA:12,2
DA:13,2
DA:19,2
DA:20,2
DA:25,2
DA:26,2
DA:30,2
DA:31,2
DA:40,2
DA:44,2
DA:48,2
DA:49,3
DA:54,3
DA:55,3
DA:59,2
DA:60,2
DA:69,2
DA:73,2
DA:79,2
DA:80,2
DA:84,2
DA:85,3
DA:88,3
DA:89,3
DA:93,2
DA:94,1
DA:97,1
DA:98,1
DA:102,2
DA:103,2
DA:120,2
DA:123,2
DA:124,2
DA:141,2
DA:145,2
DA:146,1
DA:151,1
DA:155,2
LF:42
LH:42
BRF:0
BRH:0
end_of_record
TN:
SF:model/queries/postData.js
FN:4,(anonymous_0)
FN:20,(anonymous_1)
FN:29,(anonymous_2)
FN:45,(anonymous_3)
FN:51,(anonymous_4)
FN:58,(anonymous_5)
FNF:6
FNH:0
FNDA:0,(anonymous_0)
FNDA:0,(anonymous_1)
FNDA:0,(anonymous_2)
FNDA:0,(anonymous_3)
FNDA:0,(anonymous_4)
FNDA:0,(anonymous_5)
DA:1,1
DA:4,1
DA:5,0
DA:21,0
DA:29,1
DA:30,0
DA:31,0
DA:46,0
DA:47,0
DA:51,1
DA:52,0
DA:59,0
DA:64,1
LF:13
LH:5
BRF:0
BRH:0
end_of_record
